2020-12-15 11:01:53 >>> Start session <<<
2020-12-15 11:01:54 >>> Start session <<<
2020-12-17 22:54:29 >>> Start session <<<
2020-12-17 22:54:29 >>> Start session <<<
2020-12-18 16:55:08 >>> Start session <<<
2020-12-18 16:55:09 >>> Start session <<<
2020-12-18 16:56:26 >>> Start session <<<
2020-12-18 16:56:26 >>> Start session <<<
2020-12-18 16:56:44 >>> Start session <<<
2020-12-18 16:56:45 >>> Start session <<<
2020-12-18 17:06:47 >>> Start session <<<
2020-12-18 17:06:47 >>> Start session <<<
2020-12-18 17:07:39 >>> Start session <<<
2020-12-18 17:07:39 >>> Start session <<<
2020-12-18 17:08:42 >>> Start session <<<
2020-12-18 17:08:42 >>> Start session <<<
2020-12-18 17:11:27 >>> Start session <<<
2020-12-18 17:11:27 >>> Start session <<<
2020-12-18 17:13:49 >>> Start session <<<
2020-12-18 17:13:49 >>> Start session <<<
2020-12-18 17:21:06 >>> Start session <<<
2020-12-18 17:21:18 >>> Start session <<<
2020-12-18 17:23:53 >>> Start session <<<
2020-12-18 17:23:53 >>> Start session <<<
2020-12-18 17:25:34 >>> Start session <<<
2020-12-18 17:25:36 >>> Start session <<<
2020-12-18 17:27:45 >>> Start session <<<
2020-12-18 17:27:46 >>> Start session <<<
2020-12-18 17:28:06 >>> Start session <<<
2020-12-18 17:28:07 >>> Start session <<<
2020-12-18 17:29:20 >>> Start session <<<
2020-12-18 17:29:20 >>> Start session <<<
2020-12-18 17:37:02 >>> Start session <<<
2020-12-18 17:37:02 >>> Start session <<<
2020-12-18 17:39:04 >>> Start session <<<
2020-12-18 17:39:05 >>> Start session <<<
2020-12-18 17:39:07 >>> Start session <<<
2020-12-18 17:39:08 >>> Start session <<<
2020-12-18 17:39:19 >>> Start session <<<
2020-12-18 17:39:19 >>> Start session <<<
2020-12-18 17:39:21 >>> Start session <<<
2020-12-18 17:39:21 >>> Start session <<<
2020-12-18 17:39:25 >>> Start session <<<
2020-12-18 17:39:25 >>> Start session <<<
2020-12-18 17:40:02 >>> Start session <<<
2020-12-18 17:40:02 >>> Start session <<<
2020-12-18 17:43:16 >>> Start session <<<
2020-12-18 17:43:16 >>> Start session <<<
2020-12-20 17:01:03 >>> Start session <<<
2020-12-20 17:01:03 >>> Start session <<<
2020-12-20 17:02:45 >>> Start session <<<
2020-12-20 17:02:45 >>> Start session <<<
2020-12-20 17:03:28 >>> Start session <<<
2020-12-20 17:03:29 >>> Start session <<<
2020-12-20 18:59:54 >>> Start session <<<
2020-12-20 18:59:54 >>> Start session <<<
2020-12-22 11:30:01 >>> Start session <<<
2020-12-22 11:30:01 >>> Start session <<<
2020-12-22 11:56:27 >>> Start session <<<
2020-12-22 11:56:28 >>> Start session <<<
2020-12-22 12:02:59 >>> Start session <<<
2020-12-22 12:03:00 >>> Start session <<<
2020-12-25 17:02:41 >>> Start session <<<
2020-12-25 17:02:41 >>> Start session <<<
2020-12-25 17:05:38 >>> Start session <<<
2020-12-25 17:05:39 >>> Start session <<<
2020-12-26 12:34:49 >>> Start session <<<
2020-12-26 12:34:49 >>> Start session <<<
2020-12-26 12:36:22 [null] Entity ID lookup FAILED. Input Query: Do | 20 
2020-12-26 12:36:22 [null] Entity ID lookup FAILED. Input Query: Dolg | 20 
2020-12-26 12:36:28 [null] Entity ID lookup FAILED. Input Query: Dolf | 20 
2020-12-26 12:36:45 [null] Entity ID lookup FAILED. Input Query: C | 20 
2020-12-26 12:36:45 [null] Entity ID lookup FAILED. Input Query: Conan | 20 
2020-12-26 12:37:27 [null] Entity ID lookup FAILED. Input Query: y | 20 
2020-12-26 12:37:31 [null] Entity ID lookup FAILED. Input Query: Lausan | 20 
2020-12-26 12:37:31 [null] Entity ID lookup FAILED. Input Query: Lausanne | 20 
2020-12-26 12:37:53 [null] Entity ID lookup FAILED. Input Query: Alle | 20 
2020-12-26 12:37:54 [null] Entity ID lookup FAILED. Input Query: Allemang | 20 
2020-12-26 12:37:57 [null] Entity ID lookup FAILED. Input Query: Allemagne | 20 
2020-12-26 12:39:32 [null] Entity ID lookup FAILED. Input Query: L | 20 
2020-12-26 12:39:33 [null] Entity ID lookup FAILED. Input Query: La | 20 
2020-12-26 12:39:39 [null] Entity ID lookup FAILED. Input Query: Laus | 20 
2020-12-26 12:39:39 [null] Entity ID lookup FAILED. Input Query: Lausan | 20 
2020-12-26 12:39:39 [null] Entity ID lookup FAILED. Input Query: Lausanne | 20 
2020-12-26 12:41:50 [null] Entity ID lookup FAILED. Input Query: b | 20 
2020-12-26 12:42:06 [null] Entity ID lookup FAILED. Input Query: aida-0001-50-Blyvooruitzicht | 20 
2020-12-26 12:42:11 [null] Entity ID lookup FAILED. Input Query: aida | 20 
2020-12-26 12:42:36 [null] Entity ID lookup FAILED. Input Query: Barnet | 20 
2020-12-26 12:42:44 [null] Entity ID lookup FAILED. Input Query: 1 | 20 
2020-12-26 16:36:40 >>> Start session <<<
2020-12-26 16:36:40 >>> Start session <<<
2020-12-26 16:36:56 [null] Entity ID lookup FAILED. Input Query: alle | 20 
2020-12-26 16:36:57 [null] Entity ID lookup FAILED. Input Query: allem | 20 
2020-12-26 16:36:57 [null] Entity ID lookup FAILED. Input Query: allema | 20 
2020-12-26 16:37:05 [null] Entity ID lookup FAILED. Input Query: allemagne | 20 
2020-12-26 16:39:47 [null] Entity ID lookup FAILED. Input Query: Fr | 20 
2020-12-26 16:39:47 [null] Entity ID lookup FAILED. Input Query: France | 20 
2020-12-26 16:40:05 [null] Entity ID lookup FAILED. Input Query: France | 20 
2020-12-26 16:40:27 [null] Entity ID lookup FAILED. Input Query: France | 20 
2020-12-26 16:40:55 [null] Entity ID lookup FAILED. Input Query: franc | 20 
2020-12-26 16:40:55 [null] Entity ID lookup FAILED. Input Query: france | 20 
2020-12-26 16:44:35 >>> Start session <<<
2020-12-26 16:44:35 >>> Start session <<<
2020-12-26 16:44:59 [null] Entity ID lookup FAILED. Input Query: nor | 20 
2020-12-26 16:44:59 [null] Entity ID lookup FAILED. Input Query: nord | 20 
2020-12-26 16:46:39 >>> Start session <<<
2020-12-26 16:46:40 >>> Start session <<<
2020-12-26 16:46:49 [null] Entity ID lookup FAILED. Input Query: nor | 20 
2020-12-26 16:46:49 [null] Entity ID lookup FAILED. Input Query: nord | 20 
2020-12-26 18:18:46 >>> Start session <<<
2020-12-26 18:18:46 >>> Start session <<<
2020-12-26 18:20:17 [947570619] Query FAILED: Error occurred while processing subgraph query. Target: GRAPH. Input Query: (LOC 0) 
2020-12-26 18:20:34 [947570619] Query FAILED: Error occurred while processing subgraph query. Target: GRAPH. Input Query: (LOC 0) 
2020-12-26 18:20:43 [947570619] Query FAILED: Error occurred while processing entity query. Target: LOC. Input Query: (LOC 0) 
2020-12-26 18:20:46 [947570619] Query SUCCEEDED in 5ms. Target: DAT Input Query: (LOC 0) 
2020-12-26 18:20:48 [947570619] Query FAILED: Error occurred while processing entity query. Target: LOC. Input Query: (LOC 0) 
2020-12-26 18:21:54 [947570619] Query FAILED: Error occurred while processing entity query. Target: LOC. Input Query: (LOC 0) 
2020-12-26 18:28:11 >>> Start session <<<
2020-12-26 18:28:11 >>> Start session <<<
2020-12-26 18:28:26 [947570619] Query FAILED: Error occurred while processing entity query. Target: LOC. Input Query: (LOC 0) 
2020-12-26 18:28:56 >>> Start session <<<
2020-12-26 18:28:57 >>> Start session <<<
2020-12-26 18:29:00 [947570619] Query FAILED: Error occurred while processing entity query. Target: LOC. Input Query: (LOC 0) 
2020-12-26 18:29:00 [947570619] Query FAILED: Error occurred while processing entity query. Target: LOC. Input Query: (LOC 0) 
2020-12-26 18:29:02 [947570619] Query FAILED: Error occurred while processing entity query. Target: LOC. Input Query: (LOC 0) 
2020-12-26 18:29:04 [947570619] Query FAILED: Error occurred while processing entity query. Target: LOC. Input Query: (LOC 0) 
2020-12-26 18:29:28 >>> Start session <<<
2020-12-26 18:29:28 >>> Start session <<<
2020-12-26 18:29:32 [947570619] Query FAILED: Error occurred while processing entity query. Target: LOC. Input Query: (LOC 0) 
2020-12-26 18:32:02 [947570619] Query FAILED: Error occurred while processing entity query. Target: LOC. Input Query: (LOC 14) 
2020-12-26 18:34:12 >>> Start session <<<
2020-12-26 18:34:12 >>> Start session <<<
2020-12-26 18:34:17 [947570619] Query FAILED: Error occurred while processing entity query. Target: LOC. Input Query: (LOC 14) 
2020-12-26 18:34:33 [947570619] Query FAILED: Error occurred while processing entity query. Target: LOC. Input Query: (LOC 1155) 
2020-12-26 18:34:39 [947570619] Query SUCCEEDED in 0ms. Target: DAT Input Query: (LOC 1155) 
2020-12-26 18:34:45 [947570619] Query FAILED: Error occurred while processing entity query. Target: LOC. Input Query: (LOC 1155) 
2020-12-26 18:34:47 [947570619] Query FAILED: Error occurred while processing subgraph query. Target: GRAPH. Input Query: (LOC 1155) 
2020-12-26 18:34:57 [947570619] Query FAILED: Error occurred while processing entity query. Target: LOC. Input Query: (LOC 1155) 
2020-12-26 18:35:12 [947570619] Query FAILED: Error occurred while processing entity query. Target: LOC. Input Query: (LOC 1155) (LOC 0) 
2020-12-26 18:37:13 >>> Start session <<<
2020-12-26 18:37:14 >>> Start session <<<
2020-12-26 18:37:17 [947570619] Query FAILED: Error occurred while processing entity query. Target: LOC. Input Query: (LOC 1155) (LOC 0) 
2020-12-26 18:37:30 [947570619] Query FAILED: Error occurred while processing entity query. Target: LOC. Input Query: (LOC 1155) (LOC 0) 
2020-12-26 18:37:31 [947570619] Query FAILED: Error occurred while processing entity query. Target: LOC. Input Query: (LOC 1155) (LOC 0) 
2020-12-26 18:37:47 >>> Start session <<<
2020-12-26 18:37:47 >>> Start session <<<
2020-12-26 18:37:50 [947570619] Query FAILED: Error occurred while processing entity query. Target: LOC. Input Query: (LOC 1155) (LOC 0) 
2020-12-26 18:38:25 >>> Start session <<<
2020-12-26 18:38:25 >>> Start session <<<
2020-12-26 18:38:39 [947570619] Query FAILED: Error occurred while processing entity query. Target: LOC. Input Query: (LOC 0) 
2020-12-26 18:39:42 >>> Start session <<<
2020-12-26 18:39:42 >>> Start session <<<
2020-12-26 18:39:45 [947570619] Query FAILED: Error occurred while processing entity query. Target: LOC. Input Query: (LOC 0) 
2020-12-26 18:39:46 [947570619] Query FAILED: Error occurred while processing entity query. Target: LOC. Input Query: (LOC 0) 
2020-12-26 18:39:47 [947570619] Query FAILED: Error occurred while processing entity query. Target: LOC. Input Query: (LOC 0) 
2020-12-26 18:42:40 >>> Start session <<<
2020-12-26 18:42:41 >>> Start session <<<
2020-12-26 18:42:43 [947570619] Query FAILED: Error occurred while processing entity query. Target: LOC. Input Query: (LOC 0) 
2020-12-26 18:42:45 [947570619] Query FAILED: Error occurred while processing entity query. Target: LOC. Input Query: (LOC 0) 
2020-12-26 18:42:46 [947570619] Query FAILED: Error occurred while processing entity query. Target: LOC. Input Query: (LOC 0) 
2020-12-26 18:42:46 [947570619] Query FAILED: Error occurred while processing entity query. Target: LOC. Input Query: (LOC 0) 
2020-12-26 18:42:47 [947570619] Query FAILED: Error occurred while processing entity query. Target: LOC. Input Query: (LOC 0) 
2020-12-26 18:43:38 >>> Start session <<<
2020-12-26 18:43:38 >>> Start session <<<
2020-12-26 18:43:43 [947570619] Query FAILED: Error occurred while processing entity query. Target: LOC. Input Query: (LOC 0) 
2020-12-26 18:44:44 >>> Start session <<<
2020-12-26 18:44:44 >>> Start session <<<
2020-12-26 18:44:47 [947570619] Query FAILED: Error occurred while processing entity query. Target: LOC. Input Query: (LOC 0) 
2020-12-26 18:45:09 >>> Start session <<<
2020-12-26 18:45:09 >>> Start session <<<
2020-12-26 18:45:11 [947570619] Query FAILED: Error occurred while processing entity query. Target: LOC. Input Query: (LOC 0) 
2020-12-26 18:45:19 [947570619] Query FAILED: Error occurred while processing entity query. Target: LOC. Input Query: (LOC 0) 
2020-12-26 18:45:27 [947570619] Query FAILED: Error occurred while processing subgraph query. Target: GRAPH. Input Query: (LOC 0) 
2020-12-26 18:46:01 [947570619] Query FAILED: Error occurred while processing entity query. Target: LOC. Input Query: (LOC 0) 
2020-12-26 18:46:25 >>> Start session <<<
2020-12-26 18:46:25 >>> Start session <<<
2020-12-26 18:46:28 [947570619] Query FAILED: Error occurred while processing entity query. Target: LOC. Input Query: (LOC 0) 
2020-12-26 18:47:20 >>> Start session <<<
2020-12-26 18:47:20 >>> Start session <<<
2020-12-26 18:47:24 [947570619] Query FAILED: Error occurred while processing entity query. Target: LOC. Input Query: (LOC 0) 
2020-12-26 18:48:03 [947570619] Query FAILED: Error occurred while processing entity query. Target: LOC. Input Query: (LOC 11) 
2020-12-26 18:50:00 >>> Start session <<<
2020-12-26 18:50:01 >>> Start session <<<
2020-12-26 18:50:03 [947570619] Query FAILED: Error occurred while processing entity query. Target: LOC. Input Query: (LOC 11) 
2020-12-26 18:57:18 >>> Start session <<<
2020-12-26 18:57:18 >>> Start session <<<
2020-12-26 18:57:21 [947570619] Query FAILED: Error occurred while processing entity query. Target: LOC. Input Query: (LOC 11) 
2020-12-26 18:57:23 [947570619] Query FAILED: Error occurred while processing entity query. Target: LOC. Input Query: (LOC 11) 
2020-12-26 18:59:42 >>> Start session <<<
2020-12-26 18:59:42 >>> Start session <<<
2020-12-26 18:59:45 [947570619] Query FAILED: Error occurred while processing entity query. Target: LOC. Input Query: (LOC 11) 
2020-12-26 18:59:55 [947570619] Query FAILED: Error occurred while processing entity query. Target: LOC. Input Query: (LOC 11) 
2020-12-26 19:00:15 [947570619] Query SUCCEEDED in 17ms. Target: ACT Input Query: (LOC 11) 
2020-12-26 19:00:55 [947570619] Query FAILED: Error occurred while processing entity query. Target: LOC. Input Query: (LOC 448) 
2020-12-27 10:37:44 >>> Start session <<<
2020-12-27 10:37:44 >>> Start session <<<
2020-12-27 10:39:52 >>> Start session <<<
2020-12-27 10:39:52 >>> Start session <<<
2020-12-27 10:45:21 >>> Start session <<<
2020-12-27 10:45:21 >>> Start session <<<
2020-12-27 10:46:19 [947570619] Query SUCCEEDED in 23ms. Target: ACT Input Query: (LOC 14) 
2020-12-27 10:50:17 >>> Start session <<<
2020-12-27 10:50:17 >>> Start session <<<
2020-12-27 10:50:28 [947570619] Query FAILED: Error occurred while processing entity query. Target: PERS. Input Query: (PERS 6197) 
2020-12-27 10:52:48 [947570619] Query FAILED: Error occurred while processing entity query. Target: PERS. Input Query: (PERS 6197) 
2020-12-27 10:53:39 [947570619] Query FAILED: Error occurred while processing entity query. Target: LOC. Input Query: (PERS 6197) (PERS 6051) 
2020-12-27 10:56:08 >>> Start session <<<
2020-12-27 10:56:08 >>> Start session <<<
2020-12-27 10:56:13 [947570619] Query FAILED: Error occurred while processing entity query. Target: LOC. Input Query: (PERS 6197) (PERS 6051) 
2020-12-27 10:57:33 [947570619] Query FAILED: Error occurred while processing subgraph query. Target: GRAPH. Input Query: (PERS 6197) (PERS 6051) 
2020-12-27 10:57:46 [947570619] Query FAILED: Error occurred while processing entity query. Target: PERS. Input Query: (PERS 6197) (PERS 6051) 
2020-12-27 11:01:41 >>> Start session <<<
2020-12-27 11:01:41 >>> Start session <<<
2020-12-27 11:01:46 [947570619] Query FAILED: Error occurred while processing entity query. Target: PERS. Input Query: (PERS 6197) (PERS 6051) 
2020-12-27 11:07:22 >>> Start session <<<
2020-12-27 11:07:22 IMPRESSO_LOAD_FINAL 
2020-12-27 11:07:22 >>> Start session <<<
2020-12-27 11:07:22 IMPRESSO_LOAD_FINAL 
2020-12-27 11:07:28 [947570619] Query FAILED: Error occurred while processing entity query. Target: PERS. Input Query: (PERS 6197) (PERS 6051) 
2020-12-27 11:08:27 >>> Start session <<<
2020-12-27 11:08:28 IMPRESSO_LOAD_FINAL 
2020-12-27 11:08:28 >>> Start session <<<
2020-12-27 11:08:28 IMPRESSO_LOAD_FINAL 
2020-12-27 11:08:29 [947570619] Query FAILED: Error occurred while processing entity query. Target: PERS. Input Query: (PERS 6197) (PERS 6051) 
2020-12-27 11:09:41 >>> Start session <<<
2020-12-27 11:09:42 IMPRESSO_LOAD_FINAL 
2020-12-27 11:09:42 >>> Start session <<<
2020-12-27 11:09:42 IMPRESSO_LOAD_FINAL 
2020-12-27 11:09:45 [947570619] Query FAILED: Error occurred while processing entity query. Target: PERS. Input Query: (PERS 6197) (PERS 6051) 
2020-12-27 11:12:41 >>> Start session <<<
2020-12-27 11:12:42 IMPRESSO_LOAD_FINAL 
2020-12-27 11:12:42 >>> Start session <<<
2020-12-27 11:12:42 IMPRESSO_LOAD_FINAL 
2020-12-27 11:12:44 [947570619] Query FAILED: Error occurred while processing entity query. Target: PERS. Input Query: (PERS 6197) (PERS 6051) 
2020-12-27 11:14:41 >>> Start session <<<
2020-12-27 11:14:42 IMPRESSO_LOAD_FINAL 
2020-12-27 11:14:42 >>> Start session <<<
2020-12-27 11:14:42 IMPRESSO_LOAD_FINAL 
2020-12-27 11:14:46 [947570619] Query FAILED: Error occurred while processing entity query. Target: PERS. Input Query: (PERS 6197) (PERS 6051) 
2020-12-27 11:17:07 >>> Start session <<<
2020-12-27 11:17:07 IMPRESSO_LOAD_FINAL 
2020-12-27 11:17:07 >>> Start session <<<
2020-12-27 11:17:07 IMPRESSO_LOAD_FINAL 
2020-12-27 11:17:08 [947570619] Query FAILED: Error occurred while processing entity query. Target: PERS. Input Query: (PERS 6197) (PERS 6051) 
2020-12-27 11:19:46 >>> Start session <<<
2020-12-27 11:19:47 IMPRESSO_LOAD_FINAL 
2020-12-27 11:19:47 >>> Start session <<<
2020-12-27 11:19:47 IMPRESSO_LOAD_FINAL 
2020-12-27 11:19:48 [947570619] Query FAILED: Error occurred while processing entity query. Target: PERS. Input Query: (PERS 6197) (PERS 6051) 
2020-12-27 11:33:00 >>> Start session <<<
2020-12-27 11:33:00 IMPRESSO_LOAD_FINAL 
2020-12-27 11:33:00 >>> Start session <<<
2020-12-27 11:33:00 IMPRESSO_LOAD_FINAL 
2020-12-27 11:33:04 [947570619] Query FAILED: Error occurred while processing entity query. Target: PERS. Input Query: (PERS 6197) (PERS 6051) 
2020-12-27 11:33:32 >>> Start session <<<
2020-12-27 11:33:32 IMPRESSO_LOAD_FINAL 
2020-12-27 11:33:32 >>> Start session <<<
2020-12-27 11:33:32 IMPRESSO_LOAD_FINAL 
2020-12-27 11:33:35 [947570619] Query FAILED: Error occurred while processing entity query. Target: PERS. Input Query: (PERS 6197) (PERS 6051) 
2020-12-27 11:34:42 >>> Start session <<<
2020-12-27 11:34:42 IMPRESSO_LOAD_FINAL 
2020-12-27 11:34:42 >>> Start session <<<
2020-12-27 11:34:42 IMPRESSO_LOAD_FINAL 
2020-12-27 11:34:45 [947570619] Query FAILED: Error occurred while processing entity query. Target: PERS. Input Query: (PERS 6197) (PERS 6051) 
2020-12-27 11:43:17 >>> Start session <<<
2020-12-27 11:43:17 IMPRESSO_LOAD_FINAL 
2020-12-27 11:43:17 >>> Start session <<<
2020-12-27 11:43:17 IMPRESSO_LOAD_FINAL 
2020-12-27 11:43:20 [947570619] Query FAILED: Error occurred while processing entity query. Target: PERS. Input Query: (PERS 6197) (PERS 6051) 
2020-12-27 11:45:39 >>> Start session <<<
2020-12-27 11:45:39 IMPRESSO_LOAD_FINAL 
2020-12-27 11:45:39 >>> Start session <<<
2020-12-27 11:45:39 IMPRESSO_LOAD_FINAL 
2020-12-27 11:45:42 [947570619] Query FAILED: Error occurred while processing entity query. Target: PERS. Input Query: (PERS 6197) (PERS 6051) 
2020-12-27 11:54:58 >>> Start session <<<
2020-12-27 11:54:58 IMPRESSO_LOAD_FINAL 
2020-12-27 11:54:58 >>> Start session <<<
2020-12-27 11:54:58 IMPRESSO_LOAD_FINAL 
2020-12-27 11:55:03 [947570619] Query SUCCEEDED in 319ms. Target: PERS Input Query: (PERS 6197) (PERS 6051) 
2020-12-27 11:56:01 [947570619] Query SUCCEEDED in 77ms. Target: LOC Input Query: (PERS 6197) (PERS 6051) 
2020-12-27 11:56:12 [947570619] Query SUCCEEDED in 114ms. Target: GRAPH Input Query: (PERS 6197) (PERS 6051) 
2020-12-27 11:56:49 >>> Start session <<<
2020-12-27 11:56:49 IMPRESSO_LOAD_FINAL 
2020-12-27 11:56:49 >>> Start session <<<
2020-12-27 11:56:49 IMPRESSO_LOAD_FINAL 
2020-12-27 11:56:52 [947570619] Query SUCCEEDED in 172ms. Target: GRAPH Input Query: (PERS 6197) (PERS 6051) 
2020-12-27 11:58:22 [947570619] Query SUCCEEDED in 82ms. Target: TER Input Query: (PERS 6197) 
2020-12-27 11:58:32 [947570619] Query FAILED: Error occurred while processing sentence query. Target: SEN. Input Query: (PERS 6197) 
2020-12-27 12:11:34 >>> Start session <<<
2020-12-27 12:11:34 IMPRESSO_LOAD_FINAL 
2020-12-27 12:11:34 >>> Start session <<<
2020-12-27 12:11:34 IMPRESSO_LOAD_FINAL 
2020-12-27 12:11:38 [947570619] Query SUCCEEDED in 153ms. Target: PERS Input Query: (PERS 6197) 
2020-12-27 12:13:02 [947570619] Query SUCCEEDED in 77ms. Target: TER Input Query: (PERS 6197) 
2020-12-27 12:13:14 [947570619] Query SUCCEEDED in 95ms. Target: PERS Input Query: (LOC 0) 
2020-12-27 12:13:16 [947570619] Query SUCCEEDED in 98ms. Target: TER Input Query: (LOC 0) 
2020-12-27 12:13:29 [947570619] Query SUCCEEDED in 115ms. Target: PAG Input Query: (LOC 0) 
2020-12-27 12:13:36 [947570619] Query FAILED: Error occurred while processing sentence query. Target: SEN. Input Query: (LOC 0) 
2020-12-27 12:13:39 [947570619] Query SUCCEEDED in 5ms. Target: DAT Input Query: (LOC 0) 
2020-12-27 12:14:11 >>> Start session <<<
2020-12-27 12:14:11 IMPRESSO_LOAD_FINAL 
2020-12-27 12:14:11 >>> Start session <<<
2020-12-27 12:14:11 IMPRESSO_LOAD_FINAL 
2020-12-27 12:14:15 [947570619] Query SUCCEEDED in 39ms. Target: DAT Input Query: (LOC 0) 
2020-12-27 12:14:19 [947570619] Query SUCCEEDED in 114ms. Target: PAG Input Query: (LOC 0) 
2020-12-27 12:14:23 [947570619] Query FAILED: Error occurred while processing sentence query. Target: SEN. Input Query: (LOC 0) 
2020-12-27 12:41:03 >>> Start session <<<
2020-12-27 12:41:03 IMPRESSO_LOAD_FINAL 
2020-12-27 12:41:03 >>> Start session <<<
2020-12-27 12:41:03 IMPRESSO_LOAD_FINAL 
2020-12-27 12:42:10 [947570619] Query FAILED: Query timed out after 60317ms. Target: SEN. Input Query: (LOC 0) 
2020-12-27 12:43:30 >>> Start session <<<
2020-12-27 12:43:31 IMPRESSO_LOAD_FINAL 
2020-12-27 12:43:31 >>> Start session <<<
2020-12-27 12:43:31 IMPRESSO_LOAD_FINAL 
2020-12-27 12:44:19 [947570619] Query SUCCEEDED in 44532ms. Target: SEN Input Query: (PERS 6197) 
2020-12-27 12:45:07 >>> Start session <<<
2020-12-27 12:45:07 IMPRESSO_LOAD_FINAL 
2020-12-27 12:45:07 >>> Start session <<<
2020-12-27 12:45:07 IMPRESSO_LOAD_FINAL 
2020-12-27 12:45:58 [947570619] Query SUCCEEDED in 47938ms. Target: SEN Input Query: (PERS 6197) 
2020-12-27 12:46:08 [947570619] Query SUCCEEDED in 82ms. Target: PERS Input Query: (PERS 6197) 
2020-12-27 12:46:46 [947570619] Query SUCCEEDED in 868ms. Target: SEN Input Query: (PERS 6833) 
2020-12-27 12:47:00 >>> Start session <<<
2020-12-27 12:47:00 IMPRESSO_LOAD_FINAL 
2020-12-27 12:47:00 >>> Start session <<<
2020-12-27 12:47:00 IMPRESSO_LOAD_FINAL 
2020-12-27 12:47:04 [947570619] Query SUCCEEDED in 1084ms. Target: SEN Input Query: (PERS 6833) 
2020-12-27 12:48:48 >>> Start session <<<
2020-12-27 12:48:48 IMPRESSO_LOAD_FINAL 
2020-12-27 12:48:49 >>> Start session <<<
2020-12-27 12:48:49 IMPRESSO_LOAD_FINAL 
2020-12-27 12:48:54 [947570619] Query SUCCEEDED in 1085ms. Target: SEN Input Query: (PERS 6833) 
2020-12-27 12:49:19 >>> Start session <<<
2020-12-27 12:49:19 IMPRESSO_LOAD_FINAL 
2020-12-27 12:49:19 >>> Start session <<<
2020-12-27 12:49:19 IMPRESSO_LOAD_FINAL 
2020-12-27 12:49:22 [947570619] Query SUCCEEDED in 1151ms. Target: SEN Input Query: (PERS 6833) 
2020-12-27 12:51:15 >>> Start session <<<
2020-12-27 12:51:15 IMPRESSO_LOAD_FINAL 
2020-12-27 12:51:15 >>> Start session <<<
2020-12-27 12:51:15 IMPRESSO_LOAD_FINAL 
2020-12-27 12:51:18 [947570619] Query SUCCEEDED in 992ms. Target: SEN Input Query: (PERS 6833) 
2020-12-27 12:52:53 >>> Start session <<<
2020-12-27 12:52:53 IMPRESSO_LOAD_FINAL 
2020-12-27 12:52:53 >>> Start session <<<
2020-12-27 12:52:53 IMPRESSO_LOAD_FINAL 
2020-12-27 12:52:57 [947570619] Query SUCCEEDED in 1134ms. Target: SEN Input Query: (PERS 6833) 
2020-12-27 13:30:30 [947570619] Query SUCCEEDED in 17ms. Target: PAG Input Query: (PERS 6833) 
2020-12-27 13:32:27 >>> Start session <<<
2020-12-27 13:32:27 IMPRESSO_LOAD_FINAL 
2020-12-27 13:32:28 >>> Start session <<<
2020-12-27 13:32:28 IMPRESSO_LOAD_FINAL 
2020-12-27 13:32:32 [947570619] Query SUCCEEDED in 34ms. Target: PAG Input Query: (PERS 6833) 
2020-12-27 13:33:21 [947570619] Query SUCCEEDED in 101ms. Target: GRAPH Input Query: (PERS 6833) 
2020-12-27 13:33:22 [947570619] Query SUCCEEDED in 8ms. Target: PAG Input Query: (PERS 6833) 
2020-12-27 13:33:24 [947570619] Query SUCCEEDED in 1032ms. Target: SEN Input Query: (PERS 6833) 
2020-12-27 13:34:59 [947570619] Query SUCCEEDED in 15473ms. Target: SEN Input Query: (PERS 6071) 
2020-12-27 13:36:23 [947570619] Query SUCCEEDED in 58945ms. Target: SEN Input Query: (LOC 14) 
2020-12-27 13:36:32 [947570619] Query SUCCEEDED in 358ms. Target: GRAPH Input Query: (LOC 14) 
2020-12-27 13:36:55 [947570619] Query SUCCEEDED in 355ms. Target: GRAPH Input Query: (LOC 9) 
2020-12-27 13:37:15 [947570619] Query SUCCEEDED in 119ms. Target: GRAPH Input Query: (LOC 86) 
2020-12-27 13:37:36 [947570619] Query SUCCEEDED in 58ms. Target: GRAPH Input Query: (LOC 2455) 
2020-12-27 13:37:50 [947570619] Query SUCCEEDED in 69ms. Target: GRAPH Input Query: (LOC 161) 
2020-12-27 13:38:01 [947570619] Query SUCCEEDED in 57ms. Target: PERS Input Query: (LOC 161) 
2020-12-27 13:38:14 [947570619] Query SUCCEEDED in 58ms. Target: GRAPH Input Query: (LOC 161) 
2020-12-27 13:38:27 [947570619] Query SUCCEEDED in 75ms. Target: PERS Input Query: (LOC 161) (LOC 49) 
2020-12-27 13:39:06 [947570619] Query SUCCEEDED in 157ms. Target: GRAPH Input Query: (LOC 161) (LOC 49) 
2020-12-27 13:39:17 [947570619] Query SUCCEEDED in 64ms. Target: GRAPH Input Query: (LOC 161) 
2020-12-27 13:39:20 [947570619] Query SUCCEEDED in 46407ms. Target: SEN Input Query: (LOC 161) (LOC 49) 
2020-12-27 13:39:39 [947570619] Query SUCCEEDED in 156ms. Target: GRAPH Input Query: (LOC 161) (LOC 49) 
2020-12-27 13:40:05 [947570619] Query SUCCEEDED in 266ms. Target: GRAPH Input Query: (LOC 161) (LOC 49) (PERS 1610) 
2020-12-27 13:40:20 [947570619] Query SUCCEEDED in 162ms. Target: GRAPH Input Query: (LOC 161) (PERS 1610) 
2020-12-27 13:40:27 [947570619] Query SUCCEEDED in 55ms. Target: GRAPH Input Query: (PERS 1610) 
2020-12-27 13:40:35 [947570619] Query SUCCEEDED in 19ms. Target: PERS Input Query: (PERS 1610) 
2020-12-27 13:40:39 [947570619] Query SUCCEEDED in 9ms. Target: LOC Input Query: (PERS 1610) 
2020-12-27 13:40:48 [947570619] Query SUCCEEDED in 117ms. Target: GRAPH Input Query: (PERS 4743) 
2020-12-27 13:40:54 [947570619] Query SUCCEEDED in 3ms. Target: LOC Input Query: (PERS 4743) 
2020-12-27 13:40:55 [947570619] Query SUCCEEDED in 4ms. Target: PERS Input Query: (PERS 4743) 
2020-12-27 13:40:57 [947570619] Query SUCCEEDED in 518ms. Target: SEN Input Query: (PERS 4743) 
2020-12-27 13:41:01 [947570619] Query SUCCEEDED in 2ms. Target: PAG Input Query: (PERS 4743) 
2020-12-27 13:46:54 >>> Start session <<<
2020-12-27 13:46:54 IMPRESSO_LOAD_FINAL 
2020-12-27 13:46:54 >>> Start session <<<
2020-12-27 13:46:54 IMPRESSO_LOAD_FINAL 
2020-12-27 13:47:00 [947570619] Query SUCCEEDED in 715ms. Target: PAG Input Query: (PERS 4743) 
2020-12-27 13:47:11 [947570619] Query SUCCEEDED in 29ms. Target: TER Input Query: (PERS 4743) 
2020-12-27 13:47:19 [947570619] Query SUCCEEDED in 3ms. Target: DAT Input Query: (PERS 4743) 
2020-12-27 13:47:20 [947570619] Query SUCCEEDED in 1ms. Target: ORG Input Query: (PERS 4743) 
2020-12-27 13:47:21 [947570619] Query SUCCEEDED in 9ms. Target: PERS Input Query: (PERS 4743) 
2020-12-27 13:47:22 [947570619] Query SUCCEEDED in 515ms. Target: SEN Input Query: (PERS 4743) 
2020-12-27 13:53:11 >>> Start session <<<
2020-12-27 13:53:11 IMPRESSO_LOAD_FINAL 
2020-12-27 13:53:11 >>> Start session <<<
2020-12-27 13:53:11 IMPRESSO_LOAD_FINAL 
2020-12-27 13:53:17 [947570619] Query SUCCEEDED in 731ms. Target: SEN Input Query: (PERS 4743) 
2020-12-27 13:53:20 [947570619] Query SUCCEEDED in 101ms. Target: GRAPH Input Query: (PERS 4743) 
2020-12-27 13:53:34 [947570619] Query SUCCEEDED in 11ms. Target: PERS Input Query: (PERS 4743) 
2020-12-27 13:53:49 [947570619] Query SUCCEEDED in 7ms. Target: PERS Input Query: (PERS 4743) 
2020-12-27 13:53:57 [947570619] Query SUCCEEDED in 6ms. Target: PERS Input Query: (PERS 4743) 
2020-12-27 13:54:01 [947570619] Query SUCCEEDED in 7ms. Target: LOC Input Query: (PERS 4743) 
2020-12-27 13:54:13 [947570619] Query SUCCEEDED in 23ms. Target: PERS Input Query: (PERS 4743) 
2020-12-27 13:54:14 [947570619] Query SUCCEEDED in 6ms. Target: PERS Input Query: (PERS 4743) 
2020-12-27 13:54:14 [947570619] Query SUCCEEDED in 24ms. Target: PERS Input Query: (PERS 4743) 
2020-12-27 13:54:15 [947570619] Query SUCCEEDED in 5ms. Target: PERS Input Query: (PERS 4743) 
2020-12-27 13:54:15 [947570619] Query SUCCEEDED in 5ms. Target: PERS Input Query: (PERS 4743) 
2020-12-27 13:54:25 [947570619] Query SUCCEEDED in 30ms. Target: PERS Input Query: (PERS 5138) 
2020-12-27 13:54:32 [947570619] Query SUCCEEDED in 149ms. Target: GRAPH Input Query: (PERS 5138) 
2020-12-27 13:54:34 [947570619] Query SUCCEEDED in 806ms. Target: PAG Input Query: (PERS 5138) 
2020-12-27 13:54:36 [947570619] Query SUCCEEDED in 822ms. Target: SEN Input Query: (PERS 5138) 
2020-12-27 13:54:39 [947570619] Query SUCCEEDED in 25ms. Target: LOC Input Query: (PERS 5138) 
2020-12-27 13:55:00 [947570619] Query SUCCEEDED in 63ms. Target: PERS Input Query: (PERS 491) 
2020-12-27 13:55:12 [947570619] Query SUCCEEDED in 191ms. Target: GRAPH Input Query: (PERS 491) 
2020-12-27 13:55:28 [947570619] Query SUCCEEDED in 13912ms. Target: SEN Input Query: (PERS 491) 
2020-12-28 15:45:30 >>> Start session <<<
2020-12-28 15:45:30 IMPRESSO_LOAD_FINAL 
2020-12-28 15:45:30 >>> Start session <<<
2020-12-28 15:45:30 IMPRESSO_LOAD_FINAL 
2020-12-28 15:47:09 >>> Start session <<<
2020-12-28 15:47:09 IMPRESSO_LOAD_FINAL 
2020-12-28 15:47:09 >>> Start session <<<
2020-12-28 15:47:09 IMPRESSO_LOAD_FINAL 
